This is pdfTeX, Version 3.14159265-2.6-1.40.18 (TeX Live 2017/Debian) (preloaded format=pdflatex 2018.10.15)  13 JAN 2020 18:01
entering extended mode
 restricted \write18 enabled.
 %&-line parsing enabled.
**Computazionale.tex
(./Computazionale.tex
LaTeX2e <2017-04-15>
Babel <3.18> and hyphenation patterns for 10 language(s) loaded.
(/usr/share/texlive/texmf-dist/tex/latex/amscls/amsbook.cls
Document Class: amsbook 2017/10/31 v2.20.4
\linespacing=\dimen102
\normalparindent=\dimen103
\normaltopskip=\skip41
(/usr/share/texlive/texmf-dist/tex/latex/amsmath/amsmath.sty
Package: amsmath 2017/09/02 v2.17a AMS math features
\@mathmargin=\skip42

For additional information on amsmath, use the `?' option.
(/usr/share/texlive/texmf-dist/tex/latex/amsmath/amstext.sty
Package: amstext 2000/06/29 v2.01 AMS text

(/usr/share/texlive/texmf-dist/tex/latex/amsmath/amsgen.sty
File: amsgen.sty 1999/11/30 v2.0 generic functions
\@emptytoks=\toks14
\ex@=\dimen104
))
(/usr/share/texlive/texmf-dist/tex/latex/amsmath/amsbsy.sty
Package: amsbsy 1999/11/29 v1.2d Bold Symbols
\pmbraise@=\dimen105
)
(/usr/share/texlive/texmf-dist/tex/latex/amsmath/amsopn.sty
Package: amsopn 2016/03/08 v2.02 operator names
)
\inf@bad=\count79
LaTeX Info: Redefining \frac on input line 213.
\uproot@=\count80
\leftroot@=\count81
LaTeX Info: Redefining \overline on input line 375.
\classnum@=\count82
\DOTSCASE@=\count83
LaTeX Info: Redefining \ldots on input line 472.
LaTeX Info: Redefining \dots on input line 475.
LaTeX Info: Redefining \cdots on input line 596.
\Mathstrutbox@=\box26
\strutbox@=\box27
\big@size=\dimen106
LaTeX Font Info:    Redeclaring font encoding OML on input line 712.
LaTeX Font Info:    Redeclaring font encoding OMS on input line 713.
\macc@depth=\count84
\c@MaxMatrixCols=\count85
\dotsspace@=\muskip10
\c@parentequation=\count86
\dspbrk@lvl=\count87
\tag@help=\toks15
\row@=\count88
\column@=\count89
\maxfields@=\count90
\andhelp@=\toks16
\eqnshift@=\dimen107
\alignsep@=\dimen108
\tagshift@=\dimen109
\tagwidth@=\dimen110
\totwidth@=\dimen111
\lineht@=\dimen112
\@envbody=\toks17
\multlinegap=\skip43
\multlinetaggap=\skip44
\mathdisplay@stack=\toks18
LaTeX Info: Redefining \[ on input line 2817.
LaTeX Info: Redefining \] on input line 2818.
)
LaTeX Font Info:    Try loading font information for U+msa on input line 377.

(/usr/share/texlive/texmf-dist/tex/latex/amsfonts/umsa.fd
File: umsa.fd 2013/01/14 v3.01 AMS symbols A
)
(/usr/share/texlive/texmf-dist/tex/latex/amsfonts/amsfonts.sty
Package: amsfonts 2013/01/14 v3.01 Basic AMSFonts support
\symAMSa=\mathgroup4
\symAMSb=\mathgroup5
LaTeX Font Info:    Overwriting math alphabet `\mathfrak' in version `bold'
(Font)                  U/euf/m/n --> U/euf/b/n on input line 106.
)
\copyins=\insert199
\abstractbox=\box28
\listisep=\skip45
\c@part=\count91
\c@chapter=\count92
\c@section=\count93
\c@subsection=\count94
\c@subsubsection=\count95
\c@paragraph=\count96
\c@subparagraph=\count97
\c@figure=\count98
\c@table=\count99
\abovecaptionskip=\skip46
\belowcaptionskip=\skip47
\captionindent=\dimen113
\thm@style=\toks19
\thm@bodyfont=\toks20
\thm@headfont=\toks21
\thm@notefont=\toks22
\thm@headpunct=\toks23
\thm@preskip=\skip48
\thm@postskip=\skip49
\thm@headsep=\skip50
\dth@everypar=\toks24
)
(/usr/share/texlive/texmf-dist/tex/latex/base/fontenc.sty
Package: fontenc 2017/04/05 v2.0i Standard LaTeX package

(/usr/share/texlive/texmf-dist/tex/latex/base/t1enc.def
File: t1enc.def 2017/04/05 v2.0i Standard LaTeX file
LaTeX Font Info:    Redeclaring font encoding T1 on input line 48.
))
(/usr/share/texlive/texmf-dist/tex/latex/base/inputenc.sty
Package: inputenc 2015/03/17 v1.2c Input encoding file
\inpenc@prehook=\toks25
\inpenc@posthook=\toks26

(/usr/share/texlive/texmf-dist/tex/latex/base/utf8.def
File: utf8.def 2017/01/28 v1.1t UTF-8 support for inputenc
Now handling font encoding OML ...
... no UTF-8 mapping file for font encoding OML
Now handling font encoding T1 ...
... processing UTF-8 mapping file for font encoding T1

(/usr/share/texlive/texmf-dist/tex/latex/base/t1enc.dfu
File: t1enc.dfu 2017/01/28 v1.1t UTF-8 support for inputenc
   defining Unicode char U+00A0 (decimal 160)
   defining Unicode char U+00A1 (decimal 161)
   defining Unicode char U+00A3 (decimal 163)
   defining Unicode char U+00AB (decimal 171)
   defining Unicode char U+00AD (decimal 173)
   defining Unicode char U+00BB (decimal 187)
   defining Unicode char U+00BF (decimal 191)
   defining Unicode char U+00C0 (decimal 192)
   defining Unicode char U+00C1 (decimal 193)
   defining Unicode char U+00C2 (decimal 194)
   defining Unicode char U+00C3 (decimal 195)
   defining Unicode char U+00C4 (decimal 196)
   defining Unicode char U+00C5 (decimal 197)
   defining Unicode char U+00C6 (decimal 198)
   defining Unicode char U+00C7 (decimal 199)
   defining Unicode char U+00C8 (decimal 200)
   defining Unicode char U+00C9 (decimal 201)
   defining Unicode char U+00CA (decimal 202)
   defining Unicode char U+00CB (decimal 203)
   defining Unicode char U+00CC (decimal 204)
   defining Unicode char U+00CD (decimal 205)
   defining Unicode char U+00CE (decimal 206)
   defining Unicode char U+00CF (decimal 207)
   defining Unicode char U+00D0 (decimal 208)
   defining Unicode char U+00D1 (decimal 209)
   defining Unicode char U+00D2 (decimal 210)
   defining Unicode char U+00D3 (decimal 211)
   defining Unicode char U+00D4 (decimal 212)
   defining Unicode char U+00D5 (decimal 213)
   defining Unicode char U+00D6 (decimal 214)
   defining Unicode char U+00D8 (decimal 216)
   defining Unicode char U+00D9 (decimal 217)
   defining Unicode char U+00DA (decimal 218)
   defining Unicode char U+00DB (decimal 219)
   defining Unicode char U+00DC (decimal 220)
   defining Unicode char U+00DD (decimal 221)
   defining Unicode char U+00DE (decimal 222)
   defining Unicode char U+00DF (decimal 223)
   defining Unicode char U+00E0 (decimal 224)
   defining Unicode char U+00E1 (decimal 225)
   defining Unicode char U+00E2 (decimal 226)
   defining Unicode char U+00E3 (decimal 227)
   defining Unicode char U+00E4 (decimal 228)
   defining Unicode char U+00E5 (decimal 229)
   defining Unicode char U+00E6 (decimal 230)
   defining Unicode char U+00E7 (decimal 231)
   defining Unicode char U+00E8 (decimal 232)
   defining Unicode char U+00E9 (decimal 233)
   defining Unicode char U+00EA (decimal 234)
   defining Unicode char U+00EB (decimal 235)
   defining Unicode char U+00EC (decimal 236)
   defining Unicode char U+00ED (decimal 237)
   defining Unicode char U+00EE (decimal 238)
   defining Unicode char U+00EF (decimal 239)
   defining Unicode char U+00F0 (decimal 240)
   defining Unicode char U+00F1 (decimal 241)
   defining Unicode char U+00F2 (decimal 242)
   defining Unicode char U+00F3 (decimal 243)
   defining Unicode char U+00F4 (decimal 244)
   defining Unicode char U+00F5 (decimal 245)
   defining Unicode char U+00F6 (decimal 246)
   defining Unicode char U+00F8 (decimal 248)
   defining Unicode char U+00F9 (decimal 249)
   defining Unicode char U+00FA (decimal 250)
   defining Unicode char U+00FB (decimal 251)
   defining Unicode char U+00FC (decimal 252)
   defining Unicode char U+00FD (decimal 253)
   defining Unicode char U+00FE (decimal 254)
   defining Unicode char U+00FF (decimal 255)
   defining Unicode char U+0100 (decimal 256)
   defining Unicode char U+0101 (decimal 257)
   defining Unicode char U+0102 (decimal 258)
   defining Unicode char U+0103 (decimal 259)
   defining Unicode char U+0104 (decimal 260)
   defining Unicode char U+0105 (decimal 261)
   defining Unicode char U+0106 (decimal 262)
   defining Unicode char U+0107 (decimal 263)
   defining Unicode char U+0108 (decimal 264)
   defining Unicode char U+0109 (decimal 265)
   defining Unicode char U+010A (decimal 266)
   defining Unicode char U+010B (decimal 267)
   defining Unicode char U+010C (decimal 268)
   defining Unicode char U+010D (decimal 269)
   defining Unicode char U+010E (decimal 270)
   defining Unicode char U+010F (decimal 271)
   defining Unicode char U+0110 (decimal 272)
   defining Unicode char U+0111 (decimal 273)
   defining Unicode char U+0112 (decimal 274)
   defining Unicode char U+0113 (decimal 275)
   defining Unicode char U+0114 (decimal 276)
   defining Unicode char U+0115 (decimal 277)
   defining Unicode char U+0116 (decimal 278)
   defining Unicode char U+0117 (decimal 279)
   defining Unicode char U+0118 (decimal 280)
   defining Unicode char U+0119 (decimal 281)
   defining Unicode char U+011A (decimal 282)
   defining Unicode char U+011B (decimal 283)
   defining Unicode char U+011C (decimal 284)
   defining Unicode char U+011D (decimal 285)
   defining Unicode char U+011E (decimal 286)
   defining Unicode char U+011F (decimal 287)
   defining Unicode char U+0120 (decimal 288)
   defining Unicode char U+0121 (decimal 289)
   defining Unicode char U+0122 (decimal 290)
   defining Unicode char U+0123 (decimal 291)
   defining Unicode char U+0124 (decimal 292)
   defining Unicode char U+0125 (decimal 293)
   defining Unicode char U+0128 (decimal 296)
   defining Unicode char U+0129 (decimal 297)
   defining Unicode char U+012A (decimal 298)
   defining Unicode char U+012B (decimal 299)
   defining Unicode char U+012C (decimal 300)
   defining Unicode char U+012D (decimal 301)
   defining Unicode char U+012E (decimal 302)
   defining Unicode char U+012F (decimal 303)
   defining Unicode char U+0130 (decimal 304)
   defining Unicode char U+0131 (decimal 305)
   defining Unicode char U+0132 (decimal 306)
   defining Unicode char U+0133 (decimal 307)
   defining Unicode char U+0134 (decimal 308)
   defining Unicode char U+0135 (decimal 309)
   defining Unicode char U+0136 (decimal 310)
   defining Unicode char U+0137 (decimal 311)
   defining Unicode char U+0139 (decimal 313)
   defining Unicode char U+013A (decimal 314)
   defining Unicode char U+013B (decimal 315)
   defining Unicode char U+013C (decimal 316)
   defining Unicode char U+013D (decimal 317)
   defining Unicode char U+013E (decimal 318)
   defining Unicode char U+0141 (decimal 321)
   defining Unicode char U+0142 (decimal 322)
   defining Unicode char U+0143 (decimal 323)
   defining Unicode char U+0144 (decimal 324)
   defining Unicode char U+0145 (decimal 325)
   defining Unicode char U+0146 (decimal 326)
   defining Unicode char U+0147 (decimal 327)
   defining Unicode char U+0148 (decimal 328)
   defining Unicode char U+014A (decimal 330)
   defining Unicode char U+014B (decimal 331)
   defining Unicode char U+014C (decimal 332)
   defining Unicode char U+014D (decimal 333)
   defining Unicode char U+014E (decimal 334)
   defining Unicode char U+014F (decimal 335)
   defining Unicode char U+0150 (decimal 336)
   defining Unicode char U+0151 (decimal 337)
   defining Unicode char U+0152 (decimal 338)
   defining Unicode char U+0153 (decimal 339)
   defining Unicode char U+0154 (decimal 340)
   defining Unicode char U+0155 (decimal 341)
   defining Unicode char U+0156 (decimal 342)
   defining Unicode char U+0157 (decimal 343)
   defining Unicode char U+0158 (decimal 344)
   defining Unicode char U+0159 (decimal 345)
   defining Unicode char U+015A (decimal 346)
   defining Unicode char U+015B (decimal 347)
   defining Unicode char U+015C (decimal 348)
   defining Unicode char U+015D (decimal 349)
   defining Unicode char U+015E (decimal 350)
   defining Unicode char U+015F (decimal 351)
   defining Unicode char U+0160 (decimal 352)
   defining Unicode char U+0161 (decimal 353)
   defining Unicode char U+0162 (decimal 354)
   defining Unicode char U+0163 (decimal 355)
   defining Unicode char U+0164 (decimal 356)
   defining Unicode char U+0165 (decimal 357)
   defining Unicode char U+0168 (decimal 360)
   defining Unicode char U+0169 (decimal 361)
   defining Unicode char U+016A (decimal 362)
   defining Unicode char U+016B (decimal 363)
   defining Unicode char U+016C (decimal 364)
   defining Unicode char U+016D (decimal 365)
   defining Unicode char U+016E (decimal 366)
   defining Unicode char U+016F (decimal 367)
   defining Unicode char U+0170 (decimal 368)
   defining Unicode char U+0171 (decimal 369)
   defining Unicode char U+0172 (decimal 370)
   defining Unicode char U+0173 (decimal 371)
   defining Unicode char U+0174 (decimal 372)
   defining Unicode char U+0175 (decimal 373)
   defining Unicode char U+0176 (decimal 374)
   defining Unicode char U+0177 (decimal 375)
   defining Unicode char U+0178 (decimal 376)
   defining Unicode char U+0179 (decimal 377)
   defining Unicode char U+017A (decimal 378)
   defining Unicode char U+017B (decimal 379)
   defining Unicode char U+017C (decimal 380)
   defining Unicode char U+017D (decimal 381)
   defining Unicode char U+017E (decimal 382)
   defining Unicode char U+01CD (decimal 461)
   defining Unicode char U+01CE (decimal 462)
   defining Unicode char U+01CF (decimal 463)
   defining Unicode char U+01D0 (decimal 464)
   defining Unicode char U+01D1 (decimal 465)
   defining Unicode char U+01D2 (decimal 466)
   defining Unicode char U+01D3 (decimal 467)
   defining Unicode char U+01D4 (decimal 468)
   defining Unicode char U+01E2 (decimal 482)
   defining Unicode char U+01E3 (decimal 483)
   defining Unicode char U+01E6 (decimal 486)
   defining Unicode char U+01E7 (decimal 487)
   defining Unicode char U+01E8 (decimal 488)
   defining Unicode char U+01E9 (decimal 489)
   defining Unicode char U+01EA (decimal 490)
   defining Unicode char U+01EB (decimal 491)
   defining Unicode char U+01F0 (decimal 496)
   defining Unicode char U+01F4 (decimal 500)
   defining Unicode char U+01F5 (decimal 501)
   defining Unicode char U+0218 (decimal 536)
   defining Unicode char U+0219 (decimal 537)
   defining Unicode char U+021A (decimal 538)
   defining Unicode char U+021B (decimal 539)
   defining Unicode char U+0232 (decimal 562)
   defining Unicode char U+0233 (decimal 563)
   defining Unicode char U+1E02 (decimal 7682)
   defining Unicode char U+1E03 (decimal 7683)
   defining Unicode char U+200C (decimal 8204)
   defining Unicode char U+2010 (decimal 8208)
   defining Unicode char U+2011 (decimal 8209)
   defining Unicode char U+2012 (decimal 8210)
   defining Unicode char U+2013 (decimal 8211)
   defining Unicode char U+2014 (decimal 8212)
   defining Unicode char U+2015 (decimal 8213)
   defining Unicode char U+2018 (decimal 8216)
   defining Unicode char U+2019 (decimal 8217)
   defining Unicode char U+201A (decimal 8218)
   defining Unicode char U+201C (decimal 8220)
   defining Unicode char U+201D (decimal 8221)
   defining Unicode char U+201E (decimal 8222)
   defining Unicode char U+2030 (decimal 8240)
   defining Unicode char U+2031 (decimal 8241)
   defining Unicode char U+2039 (decimal 8249)
   defining Unicode char U+203A (decimal 8250)
   defining Unicode char U+2423 (decimal 9251)
   defining Unicode char U+1E20 (decimal 7712)
   defining Unicode char U+1E21 (decimal 7713)
)
Now handling font encoding OT1 ...
... processing UTF-8 mapping file for font encoding OT1

(/usr/share/texlive/texmf-dist/tex/latex/base/ot1enc.dfu
File: ot1enc.dfu 2017/01/28 v1.1t UTF-8 support for inputenc
   defining Unicode char U+00A0 (decimal 160)
   defining Unicode char U+00A1 (decimal 161)
   defining Unicode char U+00A3 (decimal 163)
   defining Unicode char U+00AD (decimal 173)
   defining Unicode char U+00B8 (decimal 184)
   defining Unicode char U+00BF (decimal 191)
   defining Unicode char U+00C5 (decimal 197)
   defining Unicode char U+00C6 (decimal 198)
   defining Unicode char U+00D8 (decimal 216)
   defining Unicode char U+00DF (decimal 223)
   defining Unicode char U+00E6 (decimal 230)
   defining Unicode char U+00EC (decimal 236)
   defining Unicode char U+00ED (decimal 237)
   defining Unicode char U+00EE (decimal 238)
   defining Unicode char U+00EF (decimal 239)
   defining Unicode char U+00F8 (decimal 248)
   defining Unicode char U+0131 (decimal 305)
   defining Unicode char U+0141 (decimal 321)
   defining Unicode char U+0142 (decimal 322)
   defining Unicode char U+0152 (decimal 338)
   defining Unicode char U+0153 (decimal 339)
   defining Unicode char U+0174 (decimal 372)
   defining Unicode char U+0175 (decimal 373)
   defining Unicode char U+0176 (decimal 374)
   defining Unicode char U+0177 (decimal 375)
   defining Unicode char U+0218 (decimal 536)
   defining Unicode char U+0219 (decimal 537)
   defining Unicode char U+021A (decimal 538)
   defining Unicode char U+021B (decimal 539)
   defining Unicode char U+2013 (decimal 8211)
   defining Unicode char U+2014 (decimal 8212)
   defining Unicode char U+2018 (decimal 8216)
   defining Unicode char U+2019 (decimal 8217)
   defining Unicode char U+201C (decimal 8220)
   defining Unicode char U+201D (decimal 8221)
)
Now handling font encoding OMS ...
... processing UTF-8 mapping file for font encoding OMS

(/usr/share/texlive/texmf-dist/tex/latex/base/omsenc.dfu
File: omsenc.dfu 2017/01/28 v1.1t UTF-8 support for inputenc
   defining Unicode char U+00A7 (decimal 167)
   defining Unicode char U+00B6 (decimal 182)
   defining Unicode char U+00B7 (decimal 183)
   defining Unicode char U+2020 (decimal 8224)
   defining Unicode char U+2021 (decimal 8225)
   defining Unicode char U+2022 (decimal 8226)
)
Now handling font encoding OMX ...
... no UTF-8 mapping file for font encoding OMX
Now handling font encoding U ...
... no UTF-8 mapping file for font encoding U
   defining Unicode char U+00A9 (decimal 169)
   defining Unicode char U+00AA (decimal 170)
   defining Unicode char U+00AE (decimal 174)
   defining Unicode char U+00BA (decimal 186)
   defining Unicode char U+02C6 (decimal 710)
   defining Unicode char U+02DC (decimal 732)
   defining Unicode char U+200C (decimal 8204)
   defining Unicode char U+2026 (decimal 8230)
   defining Unicode char U+2122 (decimal 8482)
   defining Unicode char U+2423 (decimal 9251)
))
(/usr/share/texlive/texmf-dist/tex/latex/srcltx/srcltx.sty
Package: srcltx 2006/11/12 v1.6 Source specials for inverse search in DVI files


(/usr/share/texlive/texmf-dist/tex/latex/base/ifthen.sty
Package: ifthen 2014/09/29 v1.1c Standard LaTeX ifthen package (DPC)
)
\src@lastline=\count100
\src@new@everypar=\toks27
\src@new@output=\toks28
)
(/usr/share/texlive/texmf-dist/tex/latex/float/float.sty
Package: float 2001/11/08 v1.3d Float enhancements (AL)
\c@float@type=\count101
\float@exts=\toks29
\float@box=\box29
\@float@everytoks=\toks30
\@floatcapt=\box30
)
(/usr/share/texlive/texmf-dist/tex/latex/base/textcomp.sty
Package: textcomp 2017/04/05 v2.0i Standard LaTeX package
Package textcomp Info: Sub-encoding information:
(textcomp)               5 = only ISO-Adobe without \textcurrency
(textcomp)               4 = 5 + \texteuro
(textcomp)               3 = 4 + \textohm
(textcomp)               2 = 3 + \textestimated + \textcurrency
(textcomp)               1 = TS1 - \textcircled - \t
(textcomp)               0 = TS1 (full)
(textcomp)             Font families with sub-encoding setting implement
(textcomp)             only a restricted character set as indicated.
(textcomp)             Family '?' is the default used for unknown fonts.
(textcomp)             See the documentation for details.
Package textcomp Info: Setting ? sub-encoding to TS1/1 on input line 79.
Package srcltx Info: Expanded filename `ts1enc.def' to `ts1enc.def.tex' on inpu
t line 330.

:<+ ts1enc.def.tex
(/usr/share/texlive/texmf-dist/tex/latex/base/ts1enc.def
File: ts1enc.def 2001/06/05 v3.0e (jk/car/fm) Standard LaTeX file
Now handling font encoding TS1 ...
... processing UTF-8 mapping file for font encoding TS1

(/usr/share/texlive/texmf-dist/tex/latex/base/ts1enc.dfu
File: ts1enc.dfu 2017/01/28 v1.1t UTF-8 support for inputenc
   defining Unicode char U+00A2 (decimal 162)
   defining Unicode char U+00A3 (decimal 163)
   defining Unicode char U+00A4 (decimal 164)
   defining Unicode char U+00A5 (decimal 165)
   defining Unicode char U+00A6 (decimal 166)
   defining Unicode char U+00A7 (decimal 167)
   defining Unicode char U+00A8 (decimal 168)
   defining Unicode char U+00A9 (decimal 169)
   defining Unicode char U+00AA (decimal 170)
   defining Unicode char U+00AC (decimal 172)
   defining Unicode char U+00AE (decimal 174)
   defining Unicode char U+00AF (decimal 175)
   defining Unicode char U+00B0 (decimal 176)
   defining Unicode char U+00B1 (decimal 177)
   defining Unicode char U+00B2 (decimal 178)
   defining Unicode char U+00B3 (decimal 179)
   defining Unicode char U+00B4 (decimal 180)
   defining Unicode char U+00B5 (decimal 181)
   defining Unicode char U+00B6 (decimal 182)
   defining Unicode char U+00B7 (decimal 183)
   defining Unicode char U+00B9 (decimal 185)
   defining Unicode char U+00BA (decimal 186)
   defining Unicode char U+00BC (decimal 188)
   defining Unicode char U+00BD (decimal 189)
   defining Unicode char U+00BE (decimal 190)
   defining Unicode char U+00D7 (decimal 215)
   defining Unicode char U+00F7 (decimal 247)
   defining Unicode char U+0192 (decimal 402)
   defining Unicode char U+02C7 (decimal 711)
   defining Unicode char U+02D8 (decimal 728)
   defining Unicode char U+02DD (decimal 733)
   defining Unicode char U+0E3F (decimal 3647)
   defining Unicode char U+2016 (decimal 8214)
   defining Unicode char U+2020 (decimal 8224)
   defining Unicode char U+2021 (decimal 8225)
   defining Unicode char U+2022 (decimal 8226)
   defining Unicode char U+2030 (decimal 8240)
   defining Unicode char U+2031 (decimal 8241)
   defining Unicode char U+203B (decimal 8251)
   defining Unicode char U+203D (decimal 8253)
   defining Unicode char U+2044 (decimal 8260)
   defining Unicode char U+204E (decimal 8270)
   defining Unicode char U+2052 (decimal 8274)
   defining Unicode char U+20A1 (decimal 8353)
   defining Unicode char U+20A4 (decimal 8356)
   defining Unicode char U+20A6 (decimal 8358)
   defining Unicode char U+20A9 (decimal 8361)
   defining Unicode char U+20AB (decimal 8363)
   defining Unicode char U+20AC (decimal 8364)
   defining Unicode char U+20B1 (decimal 8369)
   defining Unicode char U+2103 (decimal 8451)
   defining Unicode char U+2116 (decimal 8470)
   defining Unicode char U+2117 (decimal 8471)
   defining Unicode char U+211E (decimal 8478)
   defining Unicode char U+2120 (decimal 8480)
   defining Unicode char U+2122 (decimal 8482)
   defining Unicode char U+2126 (decimal 8486)
   defining Unicode char U+2127 (decimal 8487)
   defining Unicode char U+212E (decimal 8494)
   defining Unicode char U+2190 (decimal 8592)
   defining Unicode char U+2191 (decimal 8593)
   defining Unicode char U+2192 (decimal 8594)
   defining Unicode char U+2193 (decimal 8595)
   defining Unicode char U+2329 (decimal 9001)
   defining Unicode char U+232A (decimal 9002)
   defining Unicode char U+2422 (decimal 9250)
   defining Unicode char U+25E6 (decimal 9702)
   defining Unicode char U+25EF (decimal 9711)
   defining Unicode char U+266A (decimal 9834)
))
:<-
LaTeX Info: Redefining \oldstylenums on input line 334.
Package textcomp Info: Setting cmr sub-encoding to TS1/0 on input line 349.
Package textcomp Info: Setting cmss sub-encoding to TS1/0 on input line 350.
Package textcomp Info: Setting cmtt sub-encoding to TS1/0 on input line 351.
Package textcomp Info: Setting cmvtt sub-encoding to TS1/0 on input line 352.
Package textcomp Info: Setting cmbr sub-encoding to TS1/0 on input line 353.
Package textcomp Info: Setting cmtl sub-encoding to TS1/0 on input line 354.
Package textcomp Info: Setting ccr sub-encoding to TS1/0 on input line 355.
Package textcomp Info: Setting ptm sub-encoding to TS1/4 on input line 356.
Package textcomp Info: Setting pcr sub-encoding to TS1/4 on input line 357.
Package textcomp Info: Setting phv sub-encoding to TS1/4 on input line 358.
Package textcomp Info: Setting ppl sub-encoding to TS1/3 on input line 359.
Package textcomp Info: Setting pag sub-encoding to TS1/4 on input line 360.
Package textcomp Info: Setting pbk sub-encoding to TS1/4 on input line 361.
Package textcomp Info: Setting pnc sub-encoding to TS1/4 on input line 362.
Package textcomp Info: Setting pzc sub-encoding to TS1/4 on input line 363.
Package textcomp Info: Setting bch sub-encoding to TS1/4 on input line 364.
Package textcomp Info: Setting put sub-encoding to TS1/5 on input line 365.
Package textcomp Info: Setting uag sub-encoding to TS1/5 on input line 366.
Package textcomp Info: Setting ugq sub-encoding to TS1/5 on input line 367.
Package textcomp Info: Setting ul8 sub-encoding to TS1/4 on input line 368.
Package textcomp Info: Setting ul9 sub-encoding to TS1/4 on input line 369.
Package textcomp Info: Setting augie sub-encoding to TS1/5 on input line 370.
Package textcomp Info: Setting dayrom sub-encoding to TS1/3 on input line 371.
Package textcomp Info: Setting dayroms sub-encoding to TS1/3 on input line 372.

Package textcomp Info: Setting pxr sub-encoding to TS1/0 on input line 373.
Package textcomp Info: Setting pxss sub-encoding to TS1/0 on input line 374.
Package textcomp Info: Setting pxtt sub-encoding to TS1/0 on input line 375.
Package textcomp Info: Setting txr sub-encoding to TS1/0 on input line 376.
Package textcomp Info: Setting txss sub-encoding to TS1/0 on input line 377.
Package textcomp Info: Setting txtt sub-encoding to TS1/0 on input line 378.
Package textcomp Info: Setting lmr sub-encoding to TS1/0 on input line 379.
Package textcomp Info: Setting lmdh sub-encoding to TS1/0 on input line 380.
Package textcomp Info: Setting lmss sub-encoding to TS1/0 on input line 381.
Package textcomp Info: Setting lmssq sub-encoding to TS1/0 on input line 382.
Package textcomp Info: Setting lmvtt sub-encoding to TS1/0 on input line 383.
Package textcomp Info: Setting lmtt sub-encoding to TS1/0 on input line 384.
Package textcomp Info: Setting qhv sub-encoding to TS1/0 on input line 385.
Package textcomp Info: Setting qag sub-encoding to TS1/0 on input line 386.
Package textcomp Info: Setting qbk sub-encoding to TS1/0 on input line 387.
Package textcomp Info: Setting qcr sub-encoding to TS1/0 on input line 388.
Package textcomp Info: Setting qcs sub-encoding to TS1/0 on input line 389.
Package textcomp Info: Setting qpl sub-encoding to TS1/0 on input line 390.
Package textcomp Info: Setting qtm sub-encoding to TS1/0 on input line 391.
Package textcomp Info: Setting qzc sub-encoding to TS1/0 on input line 392.
Package textcomp Info: Setting qhvc sub-encoding to TS1/0 on input line 393.
Package textcomp Info: Setting futs sub-encoding to TS1/4 on input line 394.
Package textcomp Info: Setting futx sub-encoding to TS1/4 on input line 395.
Package textcomp Info: Setting futj sub-encoding to TS1/4 on input line 396.
Package textcomp Info: Setting hlh sub-encoding to TS1/3 on input line 397.
Package textcomp Info: Setting hls sub-encoding to TS1/3 on input line 398.
Package textcomp Info: Setting hlst sub-encoding to TS1/3 on input line 399.
Package textcomp Info: Setting hlct sub-encoding to TS1/5 on input line 400.
Package textcomp Info: Setting hlx sub-encoding to TS1/5 on input line 401.
Package textcomp Info: Setting hlce sub-encoding to TS1/5 on input line 402.
Package textcomp Info: Setting hlcn sub-encoding to TS1/5 on input line 403.
Package textcomp Info: Setting hlcw sub-encoding to TS1/5 on input line 404.
Package textcomp Info: Setting hlcf sub-encoding to TS1/5 on input line 405.
Package textcomp Info: Setting pplx sub-encoding to TS1/3 on input line 406.
Package textcomp Info: Setting pplj sub-encoding to TS1/3 on input line 407.
Package textcomp Info: Setting ptmx sub-encoding to TS1/4 on input line 408.
Package textcomp Info: Setting ptmj sub-encoding to TS1/4 on input line 409.
) (/usr/share/texlive/texmf-dist/tex/latex/graphics/graphicx.sty
Package: graphicx 2017/06/01 v1.1a Enhanced LaTeX Graphics (DPC,SPQR)

(/usr/share/texlive/texmf-dist/tex/latex/graphics/keyval.sty
Package: keyval 2014/10/28 v1.15 key=value parser (DPC)
\KV@toks@=\toks31
)
(/usr/share/texlive/texmf-dist/tex/latex/graphics/graphics.sty
Package: graphics 2017/06/25 v1.2c Standard LaTeX Graphics (DPC,SPQR)

(/usr/share/texlive/texmf-dist/tex/latex/graphics/trig.sty
Package: trig 2016/01/03 v1.10 sin cos tan (DPC)
)
(/usr/share/texlive/texmf-dist/tex/latex/graphics-cfg/graphics.cfg
File: graphics.cfg 2016/06/04 v1.11 sample graphics configuration
)
Package graphics Info: Driver file: pdftex.def on input line 99.
Package srcltx Info: Expanded filename `pdftex.def' to `pdftex.def.tex' on inpu
t line 100.

:<+ pdftex.def.tex
(/usr/share/texlive/texmf-dist/tex/latex/graphics-def/pdftex.def
File: pdftex.def 2018/01/08 v1.0l Graphics/color driver for pdftex
)
:<-
)
\Gin@req@height=\dimen114
\Gin@req@width=\dimen115
) (/usr/share/texlive/texmf-dist/tex/latex/setspace/setspace.sty
Package: setspace 2011/12/19 v6.7a set line spacing
)
(/usr/share/texlive/texmf-dist/tex/latex/imakeidx/imakeidx.sty
Package: imakeidx 2016/10/15 v1.3e Package for typesetting indices in a synchro
nous mode

(/usr/share/texlive/texmf-dist/tex/latex/xkeyval/xkeyval.sty
Package: xkeyval 2014/12/03 v2.7a package option processing (HA)

(/usr/share/texlive/texmf-dist/tex/generic/xkeyval/xkeyval.tex
(/usr/share/texlive/texmf-dist/tex/generic/xkeyval/xkvutils.tex
\XKV@toks=\toks32
\XKV@tempa@toks=\toks33
)
\XKV@depth=\count102
File: xkeyval.tex 2014/12/03 v2.7a key=value parser (HA)
))
(/usr/share/texlive/texmf-dist/tex/generic/ifxetex/ifxetex.sty
Package: ifxetex 2010/09/12 v0.6 Provides ifxetex conditional
)
(/usr/share/texlive/texmf-dist/tex/generic/oberdiek/ifluatex.sty
Package: ifluatex 2016/05/16 v1.4 Provides the ifluatex switch (HO)
Package ifluatex Info: LuaTeX not detected.
)
(/usr/share/texlive/texmf-dist/tex/latex/tools/multicol.sty
Package: multicol 2017/04/11 v1.8q multicolumn formatting (FMi)
\c@tracingmulticols=\count103
\mult@box=\box31
\multicol@leftmargin=\dimen116
\c@unbalance=\count104
\c@collectmore=\count105
\doublecol@number=\count106
\multicoltolerance=\count107
\multicolpretolerance=\count108
\full@width=\dimen117
\page@free=\dimen118
\premulticols=\dimen119
\postmulticols=\dimen120
\multicolsep=\skip51
\multicolbaselineskip=\skip52
\partial@page=\box32
\last@line=\box33
\maxbalancingoverflow=\dimen121
\mult@rightbox=\box34
\mult@grightbox=\box35
\mult@gfirstbox=\box36
\mult@firstbox=\box37
\@tempa=\box38
\@tempa=\box39
\@tempa=\box40
\@tempa=\box41
\@tempa=\box42
\@tempa=\box43
\@tempa=\box44
\@tempa=\box45
\@tempa=\box46
\@tempa=\box47
\@tempa=\box48
\@tempa=\box49
\@tempa=\box50
\@tempa=\box51
\@tempa=\box52
\@tempa=\box53
\@tempa=\box54
\c@columnbadness=\count109
\c@finalcolumnbadness=\count110
\last@try=\dimen122
\multicolovershoot=\dimen123
\multicolundershoot=\dimen124
\mult@nat@firstbox=\box55
\colbreak@box=\box56
\mc@col@check@num=\count111
))
(/usr/share/texlive/texmf-dist/tex/latex/fragments/subscript.sty
LaTeX Info: Redefining \textsubscript on input line 15.
)
(/usr/share/texlive/texmf-dist/tex/generic/babel/babel.sty
Package: babel 2018/02/14 3.18 The Babel package

(/usr/share/texlive/texmf-dist/tex/generic/babel/switch.def
File: switch.def 2018/02/14 3.18 Babel switching mechanism
)
(/usr/share/texlive/texmf-dist/tex/generic/babel-italian/italian.ldf
Language: italian 2015/03/26 v1.3n Italian support from the babel system

(/usr/share/texlive/texmf-dist/tex/generic/babel/babel.def
File: babel.def 2018/02/14 3.18 Babel common definitions
\babel@savecnt=\count112
\U@D=\dimen125

(/usr/share/texlive/texmf-dist/tex/generic/babel/txtbabel.def)
\bbl@dirlevel=\count113
)
\it@lettering=\count114
\it@doublequoteactive=\count115
\it@ISOcompliance=\count116
))
(/usr/share/texlive/texmf-dist/tex/latex/etoolbox/etoolbox.sty
Package: etoolbox 2018/02/11 v2.5e e-TeX tools for LaTeX (JAW)
\etb@tempcnta=\count117
)
(/usr/share/texlive/texmf-dist/tex/latex/amsfonts/amssymb.sty
Package: amssymb 2013/01/14 v3.01 AMS font symbols
)
(/usr/share/texlive/texmf-dist/tex/latex/titlepic/titlepic.sty
Package: titlepic 2017/03/14 1.2 Package to display a picture on the title page

)
\Computazionale@idxfile=\write3
\openout3 = `Computazionale.idx'.


Writing index file Computazionale.idx
(./Computazionale.aux)
\openout1 = `Computazionale.aux'.

LaTeX Font Info:    Checking defaults for OML/cmm/m/it on input line 29.
LaTeX Font Info:    ... okay on input line 29.
LaTeX Font Info:    Checking defaults for T1/cmr/m/n on input line 29.
LaTeX Font Info:    ... okay on input line 29.
LaTeX Font Info:    Checking defaults for OT1/cmr/m/n on input line 29.
LaTeX Font Info:    ... okay on input line 29.
LaTeX Font Info:    Checking defaults for OMS/cmsy/m/n on input line 29.
LaTeX Font Info:    ... okay on input line 29.
LaTeX Font Info:    Checking defaults for OMX/cmex/m/n on input line 29.
LaTeX Font Info:    ... okay on input line 29.
LaTeX Font Info:    Checking defaults for U/cmr/m/n on input line 29.
LaTeX Font Info:    ... okay on input line 29.
LaTeX Font Info:    Checking defaults for TS1/cmr/m/n on input line 29.
LaTeX Font Info:    Try loading font information for TS1+cmr on input line 29.
 (/usr/share/texlive/texmf-dist/tex/latex/base/ts1cmr.fd
File: ts1cmr.fd 2014/09/29 v2.5h Standard LaTeX font definitions
)
LaTeX Font Info:    ... okay on input line 29.
LaTeX Font Info:    Try loading font information for U+msa on input line 29.
(/usr/share/texlive/texmf-dist/tex/latex/amsfonts/umsa.fd
File: umsa.fd 2013/01/14 v3.01 AMS symbols A
)
LaTeX Font Info:    Try loading font information for U+msb on input line 29.

(/usr/share/texlive/texmf-dist/tex/latex/amsfonts/umsb.fd
File: umsb.fd 2013/01/14 v3.01 AMS symbols B
)
(/usr/share/texlive/texmf-dist/tex/context/base/mkii/supp-pdf.mkii
[Loading MPS to PDF converter (version 2006.09.02).]
\scratchcounter=\count118
\scratchdimen=\dimen126
\scratchbox=\box57
\nofMPsegments=\count119
\nofMParguments=\count120
\everyMPshowfont=\toks34
\MPscratchCnt=\count121
\MPscratchDim=\dimen127
\MPnumerator=\count122
\makeMPintoPDFobject=\count123
\everyMPtoPDFconversion=\toks35
) (/usr/share/texlive/texmf-dist/tex/latex/oberdiek/epstopdf-base.sty
Package: epstopdf-base 2016/05/15 v2.6 Base part for package epstopdf

(/usr/share/texlive/texmf-dist/tex/generic/oberdiek/infwarerr.sty
Package: infwarerr 2016/05/16 v1.4 Providing info/warning/error messages (HO)
)
(/usr/share/texlive/texmf-dist/tex/latex/oberdiek/grfext.sty
Package: grfext 2016/05/16 v1.2 Manage graphics extensions (HO)

(/usr/share/texlive/texmf-dist/tex/generic/oberdiek/kvdefinekeys.sty
Package: kvdefinekeys 2016/05/16 v1.4 Define keys (HO)

(/usr/share/texlive/texmf-dist/tex/generic/oberdiek/ltxcmds.sty
Package: ltxcmds 2016/05/16 v1.23 LaTeX kernel commands for general use (HO)
)))
(/usr/share/texlive/texmf-dist/tex/latex/oberdiek/kvoptions.sty
Package: kvoptions 2016/05/16 v3.12 Key value format for package options (HO)

(/usr/share/texlive/texmf-dist/tex/generic/oberdiek/kvsetkeys.sty
Package: kvsetkeys 2016/05/16 v1.17 Key value parser (HO)

(/usr/share/texlive/texmf-dist/tex/generic/oberdiek/etexcmds.sty
Package: etexcmds 2016/05/16 v1.6 Avoid name clashes with e-TeX commands (HO)
Package etexcmds Info: Could not find \expanded.
(etexcmds)             That can mean that you are not using pdfTeX 1.50 or
(etexcmds)             that some package has redefined \expanded.
(etexcmds)             In the latter case, load this package earlier.
)))
(/usr/share/texlive/texmf-dist/tex/generic/oberdiek/pdftexcmds.sty
Package: pdftexcmds 2018/01/21 v0.26 Utility functions of pdfTeX for LuaTeX (HO
)

(/usr/share/texlive/texmf-dist/tex/generic/oberdiek/ifpdf.sty
Package: ifpdf 2017/03/15 v3.2 Provides the ifpdf switch
)
Package pdftexcmds Info: LuaTeX not detected.
Package pdftexcmds Info: \pdf@primitive is available.
Package pdftexcmds Info: \pdf@ifprimitive is available.
Package pdftexcmds Info: \pdfdraftmode found.
)
Package epstopdf-base Info: Redefining graphics rule for `.eps' on input line 4
38.
Package grfext Info: Graphics extension search list:
(grfext)             [.pdf,.png,.jpg,.mps,.jpeg,.jbig2,.jb2,.PDF,.PNG,.JPG,.JPE
G,.JBIG2,.JB2,.eps]
(grfext)             \AppendGraphicsExtensions on input line 456.

(/usr/share/texlive/texmf-dist/tex/latex/latexconfig/epstopdf-sys.cfg
File: epstopdf-sys.cfg 2010/07/13 v1.3 Configuration of (r)epstopdf for TeX Liv
e
))
LaTeX Info: Redefining \it@ocap on input line 29.
LaTeX Info: Redefining \it@ccap on input line 29.


LaTeX Warning: No \author given.

<chim.jpg, id=1, 376.40625pt x 302.12875pt>
File: chim.jpg Graphic file (type jpg)
<use chim.jpg>
Package pdftex.def Info: chim.jpg  used on input line 35.
(pdftex.def)             Requested size: 225.84547pt x 181.27864pt.
<licenza.png, id=2, 64.3203pt x 12.045pt>
File: licenza.png Graphic file (type png)
<use licenza.png>
Package pdftex.def Info: licenza.png  used on input line 40.
(pdftex.def)             Requested size: 64.32013pt x 12.04495pt.
[0


{/var/lib/texmf/fonts/map/pdftex/updmap/pdftex.map} <./chim.jpg> <./licenza.png
>]
Indice
(./Computazionale.toc [1


])
\tf@toc=\write4
\openout4 = `Computazionale.toc'.

 [2]
Cosa non studiare?
[3


]
Capitolo 1
<PES_California.png, id=29, 136.8312pt x 112.2594pt>
File: PES_California.png Graphic file (type png)
<use PES_California.png>
Package pdftex.def Info: PES_California.png  used on input line 65.
(pdftex.def)             Requested size: 164.19661pt x 134.71059pt.
<PES_molecola.png, id=30, 120.45pt x 92.9874pt>
File: PES_molecola.png Graphic file (type png)
<use PES_molecola.png>
Package pdftex.def Info: PES_molecola.png  used on input line 67.
(pdftex.def)             Requested size: 144.53926pt x 111.5843pt.

Underfull \vbox (badness 3954) has occurred while \output is active []

 [4


 <./PES_California.png> <./PES_molecola.png>] [5]
<rep.png, id=44, 526.96875pt x 412.54124pt>
File: rep.png Graphic file (type png)
<use rep.png>
Package pdftex.def Info: rep.png  used on input line 97.
(pdftex.def)             Requested size: 158.09184pt x 123.76332pt.
<pot.png, id=45, 401.5pt x 370.38374pt>
File: pot.png Graphic file (type png)
<use pot.png>
Package pdftex.def Info: pot.png  used on input line 99.
(pdftex.def)             Requested size: 120.45091pt x 111.11597pt.
<PES.png, id=46, 560.0925pt x 360.34625pt>
File: PES.png Graphic file (type png)
<use PES.png>
Package pdftex.def Info: PES.png  used on input line 110.
(pdftex.def)             Requested size: 168.02904pt x 108.1047pt.
 [6 <./rep.png> <./pot.png> <./PES.png>] [7]
<quasiNewton.png, id=57, 761.84625pt x 820.06375pt>
File: quasiNewton.png Graphic file (type png)
<use quasiNewton.png>
Package pdftex.def Info: quasiNewton.png  used on input line 169.
(pdftex.def)             Requested size: 228.55563pt x 246.02103pt.

Underfull \vbox (badness 1033) has occurred while \output is active []

 [8]
Underfull \vbox (badness 3323) has occurred while \output is active []

 [9 <./quasiNewton.png>] [10] [11] [12] [13


]
Capitolo 2
<tipiAtomici.png, id=82, 689.57625pt x 421.575pt>
File: tipiAtomici.png Graphic file (type png)
<use tipiAtomici.png>
Package pdftex.def Info: tipiAtomici.png  used on input line 233.
(pdftex.def)             Requested size: 206.87447pt x 126.47346pt.
[14


 <./tipiAtomici.png>]
<mm2at.png, id=88, 591.20876pt x 295.1025pt>
File: mm2at.png Graphic file (type png)
<use mm2at.png>
Package pdftex.def Info: mm2at.png  used on input line 244.
(pdftex.def)             Requested size: 177.36398pt x 88.53142pt.
 [15 <./mm2at.png>] [16]
<morsepot.png, id=98, 895.345pt x 734.745pt>
File: morsepot.png Graphic file (type png)
<use morsepot.png>
Package pdftex.def Info: morsepot.png  used on input line 305.
(pdftex.def)             Requested size: 358.13165pt x 293.89279pt.
<oop.png, id=99, 741.77126pt x 246.9225pt>
File: oop.png Graphic file (type png)
<use oop.png>
Package pdftex.def Info: oop.png  used on input line 327.
(pdftex.def)             Requested size: 296.70325pt x 98.76724pt.
 [17] [18 <./morsepot.png> <./oop.png>]
<conf.png, id=109, 658.46pt x 580.1675pt>
File: conf.png Graphic file (type png)
<use conf.png>
Package pdftex.def Info: conf.png  used on input line 355.
(pdftex.def)             Requested size: 263.37933pt x 232.06288pt.
<omconf.png, id=110, 806.01125pt x 477.785pt>
File: omconf.png Graphic file (type png)
<use omconf.png>
Package pdftex.def Info: omconf.png  used on input line 364.
(pdftex.def)             Requested size: 161.19939pt x 95.5553pt.
 [19 <./conf.png>]
Underfull \hbox (badness 10000) in paragraph at lines 368--369

 []


Underfull \hbox (badness 10000) in paragraph at lines 370--374

 []


Underfull \hbox (badness 10000) in paragraph at lines 381--383

 []

[20 <./omconf.png>]
Underfull \hbox (badness 10000) in paragraph at lines 396--398

 []


Underfull \hbox (badness 10000) in paragraph at lines 404--408

 []

<vdw.png, id=119, 918.43124pt x 738.76pt>
File: vdw.png Graphic file (type png)
<use vdw.png>
Package pdftex.def Info: vdw.png  used on input line 425.
(pdftex.def)             Requested size: 275.5315pt x 221.6297pt.
[21] [22 <./vdw.png>]
<dipoli.png, id=127, 389.455pt x 408.52625pt>
File: dipoli.png Graphic file (type png)
<use dipoli.png>
Package pdftex.def Info: dipoli.png  used on input line 476.
(pdftex.def)             Requested size: 116.83739pt x 122.55882pt.
 [23 <./dipoli.png>] [24] [25] [26] [27] [28] [29]
[30] [31


]
Capitolo 3
[32


]
<distrib.png, id=163, 410.53375pt x 389.455pt>
File: distrib.png Graphic file (type png)
<use distrib.png>
Package pdftex.def Info: distrib.png  used on input line 727.
(pdftex.def)             Requested size: 123.16107pt x 116.83739pt.
 [33] [34 <./distrib.png>] [35] [36]
<ton.png, id=180, 865.2325pt x 731.73375pt>
File: ton.png Graphic file (type png)
<use ton.png>
Package pdftex.def Info: ton.png  used on input line 832.
(pdftex.def)             Requested size: 259.57175pt x 219.52182pt.
 [37 <./ton.png>] [38] [39] [40]
<rhf.png, id=194, 276.03125pt x 569.12625pt>
File: rhf.png Graphic file (type png)
<use rhf.png>
Package pdftex.def Info: rhf.png  used on input line 961.
(pdftex.def)             Requested size: 69.00763pt x 142.2812pt.

[41 <./rhf.png>]
<uhf.png, id=199, 213.79875pt x 556.0775pt>
File: uhf.png Graphic file (type png)
<use uhf.png>
Package pdftex.def Info: uhf.png  used on input line 969.
(pdftex.def)             Requested size: 53.44955pt x 139.01903pt.
<rof.png, id=200, 136.51pt x 560.0925pt>
File: rof.png Graphic file (type png)
<use rof.png>
Package pdftex.def Info: rof.png  used on input line 980.
(pdftex.def)             Requested size: 34.12741pt x 140.02278pt.
 [42 <./uhf.png> <./rof.png>] [43]
Underfull \hbox (badness 10000) in paragraph at lines 1040--1041

 []


Underfull \vbox (badness 1308) has occurred while \output is active []

 [44]
[45]
<fer.png, id=217, 729.72626pt x 554.07pt>
File: fer.png Graphic file (type png)
<use fer.png>
Package pdftex.def Info: fer.png  used on input line 1098.
(pdftex.def)             Requested size: 218.91957pt x 166.22227pt.
 [46 <./fer.png>]
Underfull \vbox (badness 2189) has occurred while \output is active []

 [47]
[48] [49]
Underfull \vbox (badness 1596) has occurred while \output is active []

 [50]
[51]
Underfull \vbox (badness 10000) has occurred while \output is active []

 [52]
Underfull \vbox (badness 5288) has occurred while \output is active []

 [53]
[54] [55] [56]
Capitolo 4

Underfull \hbox (badness 4454) in paragraph at lines 1346--1346
[]\T1/cmr/m/sc/10 Figura 4.0.1.\T1/cmr/m/n/10 Energie di cor-re-la-zio-ne sta-t
i-ca e di-na-mi-ca
 []

<corr.png, id=255, 387.4475pt x 204.765pt>
File: corr.png Graphic file (type png)
<use corr.png>
Package pdftex.def Info: corr.png  used on input line 1347.
(pdftex.def)             Requested size: 193.72327pt x 102.38223pt.
[57


 <./corr.png>]
<exx.png, id=260, 794.97pt x 463.7325pt>
File: exx.png Graphic file (type png)
<use exx.png>
Package pdftex.def Info: exx.png  used on input line 1378.
(pdftex.def)             Requested size: 238.49284pt x 139.12082pt.
 [58 <./exx.png>] [59] [60] [61]
<ras.png, id=275, 618.31pt x 619.31375pt>
File: ras.png Graphic file (type png)
<use ras.png>
Package pdftex.def Info: ras.png  used on input line 1482.
(pdftex.def)             Requested size: 185.49443pt x 185.79555pt.

Underfull \vbox (badness 2237) has occurred while \output is active []

 [62]
[63 <./ras.png>]
Underfull \vbox (badness 2961) has occurred while \output is active []

 [64]
[65] [66] [67] [68]
Underfull \vbox (badness 3333) has occurred while \output is active []

 [69]
[70]
Capitolo 5
[71


] [72]
<sto.png, id=312, 736.7525pt x 616.3025pt>
File: sto.png Graphic file (type png)
<use sto.png>
Package pdftex.def Info: sto.png  used on input line 1783.
(pdftex.def)             Requested size: 221.02745pt x 184.89217pt.

Underfull \vbox (badness 7851) has occurred while \output is active []

 [73]
<trip.png, id=316, 203.25937pt x 158.84344pt>
File: trip.png Graphic file (type png)
<use trip.png>
Package pdftex.def Info: trip.png  used on input line 1801.
(pdftex.def)             Requested size: 121.95656pt x 95.3068pt.

[74 <./sto.png> <./trip.png>]
<ndz.png, id=321, 361.35pt x 368.37625pt>
File: ndz.png Graphic file (type png)
<use ndz.png>
Package pdftex.def Info: ndz.png  used on input line 1825.
(pdftex.def)             Requested size: 216.81168pt x 221.02744pt.

Underfull \vbox (badness 10000) has occurred while \output is active []

 [75]
[76 <./ndz.png (PNG copy)>]
Underfull \hbox (badness 1028) in paragraph at lines 1857--1857
[]\T1/cmr/m/sc/10 Figura 5.3.1.\T1/cmr/m/n/10 Schema di co-stru-zio-ne di gaus-
sia-ne con-trat-te
 []

<segcon.png, id=328, 1156.32pt x 448.67625pt>
File: segcon.png Graphic file (type png)
<use segcon.png>
Package pdftex.def Info: segcon.png  used on input line 1858.
(pdftex.def)             Requested size: 346.89868pt x 134.60391pt.
[77 <./segcon.png>] [78]
<ecp.png, id=337, 739.76375pt x 610.28pt>
File: ecp.png Graphic file (type png)
<use ecp.png>
Package pdftex.def Info: ecp.png  used on input line 1886.
(pdftex.def)             Requested size: 221.93083pt x 183.0854pt.
 [79 <./ecp.png>]
<pop.png, id=342, 1228.59pt x 339.2675pt>
File: pop.png Graphic file (type png)
<use pop.png>
Package pdftex.def Info: pop.png  used on input line 1931.
(pdftex.def)             Requested size: 368.57985pt x 101.78102pt.

Overfull \hbox (8.57985pt too wide) in paragraph at lines 1931--1932
 [][][] 
 []


Underfull \vbox (badness 4266) has occurred while \output is active []

 [80]
<kar.png, id=346, 1224.575pt x 271.0125pt>
File: kar.png Graphic file (type png)
<use kar.png>
Package pdftex.def Info: kar.png  used on input line 1945.
(pdftex.def)             Requested size: 367.37534pt x 81.30437pt.

Overfull \hbox (7.37534pt too wide) in paragraph at lines 1945--1946
 [][][] 
 []

<cc.png, id=347, 1220.56pt x 344.28625pt>
File: cc.png Graphic file (type png)
<use cc.png>
Package pdftex.def Info: cc.png  used on input line 1958.
(pdftex.def)             Requested size: 366.17082pt x 103.28667pt.

Overfull \hbox (6.17082pt too wide) in paragraph at lines 1958--1959
 [][][] 
 []

[81 <./pop.png> <./kar.png>]
<pc.png, id=353, 1215.54124pt x 340.27126pt>
File: pc.png Graphic file (type png)
<use pc.png>
Package pdftex.def Info: pc.png  used on input line 1971.
(pdftex.def)             Requested size: 364.66519pt x 102.08215pt.

Overfull \hbox (4.66519pt too wide) in paragraph at lines 1971--1972
 [][][] 
 []

[82 <./cc.png> <./pc.png>] [83]
Capitolo 6
[84


] [85] [86] [87]
Overfull \hbox (10.09969pt too wide) detected at line 2120
\OML/cmm/m/it/10 ^^Z[]\OT1/cmr/m/n/10 (\OML/cmm/m/it/10 r[]; r[]\OT1/cmr/m/n/10
 ) = \OML/cmm/m/it/10 ^^M[]\OT1/cmr/m/n/10 (\OML/cmm/m/it/10 r[]; r[]; r[]; r[]
\OT1/cmr/m/n/10 ) = \OML/cmm/m/it/10 N[]\OT1/cmr/m/n/10 (\OML/cmm/m/it/10 N[] \
OMS/cmsy/m/n/10 ^^@ \OT1/cmr/m/n/10 1) [] 	[](\OML/cmm/m/it/10 r[]; [] ; r[]\OT
1/cmr/m/n/10 )	(\OML/cmm/m/it/10 r[]; [] ; r[]\OT1/cmr/m/n/10 )\OML/cmm/m/it/10
 dr[] [] dr[]
 []

[88] [89] [90] [91] [92] [93] [94]
Capitolo 7
[95


] [96] [97] [98


]
Capitolo 8
[99


]
<ensamble_gen.png, id=414, 853.1875pt x 578.16pt>
File: ensamble_gen.png Graphic file (type png)
<use ensamble_gen.png>
Package pdftex.def Info: ensamble_gen.png  used on input line 2376.
(pdftex.def)             Requested size: 255.95822pt x 173.44933pt.
 [100 <./ensamble_gen.png>]

Package amsfonts Warning: Obsolete command \bold; \mathbf should be used instea
d on input line 2406.

<maxwel1.jpg, id=419, 281.05pt x 272.01625pt>
File: maxwel1.jpg Graphic file (type jpg)
<use maxwel1.jpg>
Package pdftex.def Info: maxwel1.jpg  used on input line 2410.
(pdftex.def)             Requested size: 140.52464pt x 136.00778pt.
[101 <./maxwel1.jpg>] [102]
Overfull \hbox (1.91103pt too wide) detected at line 2460
[] \OT1/cmr/m/n/10 
[] = [] \OMS/cmsy/m/n/10 N\OT1/cmr/m/n/10 ! \OMS/cmsy/m/n/10 ^^@ [] [] \OML/cmm
/m/it/10 n[]\OT1/cmr/m/n/10 ! = \OMS/cmsy/m/n/10 N [] N ^^@ N ^^@ [] \OML/cmm/m
/it/10 n[] [] n[] \OT1/cmr/m/n/10 + [] \OML/cmm/m/it/10 n[] \OT1/cmr/m/n/10 = \
OMS/cmsy/m/n/10 N [] N ^^@ [] \OML/cmm/m/it/10 n[] [] n[]
 []

[103] [104] [105] [106] [107] [108] [109]
<bru.png, id=450, 311.1625pt x 204.765pt>
File: bru.png Graphic file (type png)
<use bru.png>
Package pdftex.def Info: bru.png  used on input line 2734.
(pdftex.def)             Requested size: 155.58087pt x 102.38223pt.
 [110] [111 <./bru.png>] [112]
[113] [114] [115] [116]
Capitolo 9

Underfull \hbox (badness 1796) in paragraph at lines 2945--2945
[]\T1/cmr/m/sc/10 Figura 9.1.1.\T1/cmr/m/n/10 Dispersione fo-no-ni-ca pre-det-t
a e spe-ri-men-ta-le
 []

<fonodisp.jpg, id=474, 1027.84pt x 568.1225pt>
File: fonodisp.jpg Graphic file (type jpg)
<use fonodisp.jpg>
Package pdftex.def Info: fonodisp.jpg  used on input line 2946.
(pdftex.def)             Requested size: 205.56436pt x 113.62248pt.
[117


]
<molle.png, id=478, 540.0175pt x 141.52875pt>
File: molle.png Graphic file (type png)
<use molle.png>
Package pdftex.def Info: molle.png  used on input line 2954.
(pdftex.def)             Requested size: 270.00809pt x 70.76419pt.
 [118 <./fonodisp.jpg> <./molle.png>]
<acu.png, id=483, 525.965pt x 318.18875pt>
File: acu.png Graphic file (type png)
<use acu.png>
Package pdftex.def Info: acu.png  used on input line 3009.
(pdftex.def)             Requested size: 262.98184pt x 159.09398pt.
 [119]
<AA1.png, id=488, 608.2725pt x 123.46124pt>
File: AA1.png Graphic file (type png)
<use AA1.png>
Package pdftex.def Info: AA1.png  used on input line 3017.
(pdftex.def)             Requested size: 304.13551pt x 61.73045pt.
 [120 <./acu.png> <./AA1.png>]
<AA2.png, id=495, 308.15125pt x 331.2375pt>
File: AA2.png Graphic file (type png)
<use AA2.png>
Package pdftex.def Info: AA2.png  used on input line 3040.
(pdftex.def)             Requested size: 154.07524pt x 165.61833pt.

[121 <./AA2.png>]
<AA3.png, id=500, 562.1pt x 290.08376pt>
File: AA3.png Graphic file (type png)
<use AA3.png>
Package pdftex.def Info: AA3.png  used on input line 3063.
(pdftex.def)             Requested size: 281.04932pt x 145.04152pt.
<dirac.png, id=501, 344.28625pt x 292.09125pt>
File: dirac.png Graphic file (type png)
<use dirac.png>
Package pdftex.def Info: dirac.png  used on input line 3079.
(pdftex.def)             Requested size: 172.1427pt x 146.04526pt.
 [122 <./AA3.png>] [123 <./dirac.png>]
<AA5.png, id=510, 340.27126pt x 296.10625pt>
File: AA5.png Graphic file (type png)
<use AA5.png>
Package pdftex.def Info: AA5.png  used on input line 3109.
(pdftex.def)             Requested size: 170.13521pt x 148.05275pt.
 [124 <./AA5.png>]
runsystem(makeindex Computazionale.idx)...executed safely (allowed).


(./Computazionale.ind
Indice analitico
[125




]) [126]
Ringraziamenti
[127


] (./Computazionale.aux) ) 
Here is how much of TeX's memory you used:
 5737 strings out of 494798
 72376 string characters out of 6177668
 147539 words of memory out of 5000000
 8719 multiletter control sequences out of 15000+600000
 24701 words of font info for 62 fonts, out of 8000000 for 9000
 242 hyphenation exceptions out of 8191
 39i,16n,37p,1278b,340s stack positions out of 5000i,500n,10000p,200000b,80000s
 </home/fabio/.texlive2017/texmf-var/fonts/pk/ljfour/
jknappen/ec/ecbx0700.600pk> </home/fabio/.texlive2017/texmf-var/fonts/pk/ljfour
/jknappen/ec/tcrm1000.600pk> </home/fabio/.texlive2017/texmf-var/fonts/pk/ljfou
r/jknappen/ec/ecbx2074.600pk> </home/fabio/.texlive2017/texmf-var/fonts/pk/ljfo
ur/jknappen/ec/ecbx1728.600pk> </home/fabio/.texlive2017/texmf-var/fonts/pk/ljf
our/jknappen/ec/eccc1000.600pk> </home/fabio/.texlive2017/texmf-var/fonts/pk/lj
four/jknappen/ec/ecti1000.600pk> </home/fabio/.texlive2017/texmf-var/fonts/pk/l
jfour/jknappen/ec/ecrm0700.600pk> </home/fabio/.texlive2017/texmf-var/fonts/pk/
ljfour/jknappen/ec/ecbx1000.600pk> </home/fabio/.texlive2017/texmf-var/fonts/pk
/ljfour/jknappen/ec/ecbx1440.600pk> </home/fabio/.texlive2017/texmf-var/fonts/p
k/ljfour/jknappen/ec/ecrm0900.600pk> </home/fabio/.texlive2017/texmf-var/fonts/
pk/ljfour/jknappen/ec/ecti1200.600pk> </home/fabio/.texlive2017/texmf-var/fonts
/pk/ljfour/jknappen/ec/ecrm1000.600pk> </home/fabio/.texlive2017/texmf-var/font
s/pk/ljfour/jknappen/ec/ecti2074.600pk> </home/fabio/.texlive2017/texmf-var/fon
ts/pk/ljfour/jknappen/ec/ecrm1440.600pk></usr/share/texlive/texmf-dist/fonts/ty
pe1/public/amsfonts/cm/cmbx10.pfb></usr/share/texlive/texmf-dist/fonts/type1/pu
blic/amsfonts/cm/cmbx7.pfb></usr/share/texlive/texmf-dist/fonts/type1/public/am
sfonts/cm/cmex10.pfb></usr/share/texlive/texmf-dist/fonts/type1/public/amsfonts
/cm/cmmi10.pfb></usr/share/texlive/texmf-dist/fonts/type1/public/amsfonts/cm/cm
mi5.pfb></usr/share/texlive/texmf-dist/fonts/type1/public/amsfonts/cm/cmmi7.pfb
></usr/share/texlive/texmf-dist/fonts/type1/public/amsfonts/cm/cmr10.pfb></usr/
share/texlive/texmf-dist/fonts/type1/public/amsfonts/cm/cmr5.pfb></usr/share/te
xlive/texmf-dist/fonts/type1/public/amsfonts/cm/cmr7.pfb></usr/share/texlive/te
xmf-dist/fonts/type1/public/amsfonts/cm/cmsy10.pfb></usr/share/texlive/texmf-di
st/fonts/type1/public/amsfonts/cm/cmsy5.pfb></usr/share/texlive/texmf-dist/font
s/type1/public/amsfonts/cm/cmsy7.pfb></usr/share/texlive/texmf-dist/fonts/type1
/public/amsfonts/symbols/msam10.pfb></usr/share/texlive/texmf-dist/fonts/type1/
public/amsfonts/symbols/msbm10.pfb></usr/share/texlive/texmf-dist/fonts/type1/p
ublic/amsfonts/symbols/msbm5.pfb>
Output written on Computazionale.pdf (128 pages, 2251011 bytes).
PDF statistics:
 1085 PDF objects out of 1200 (max. 8388607)
 386 compressed objects within 4 object streams
 0 named destinations out of 1000 (max. 500000)
 226 words of extra memory for PDF output out of 10000 (max. 10000000)

